<?xml version="1.0" encoding="UTF-8"?>
<!-- Generated by org.testng.reporters.JUnitXMLReporter -->
<testsuite ignored="0" hostname="DESKTOP-47P2MTB" failures="6" tests="70" name="Test" time="384.965" errors="0" timestamp="2023-09-28T13:13:45 IST">
  <testcase classname="test.SwagLabs1LoginPageTest" name="doLogin_1ValidId2ValidPwd_OpenedHomepage" time="0.819"/>
  <testcase classname="test.SwagLabs1LoginPageTest" name="doLogin_1ValidId2ValidPwd_OpenedHomepage" time="0.527">
    <failure type="java.lang.AssertionError" message="expected [https://www.saucedemo.com/inventory.html] but found [https://www.saucedemo.com/]">
      <![CDATA[java.lang.AssertionError: expected [https://www.saucedemo.com/inventory.html] but found [https://www.saucedemo.com/]
at test.SwagLabs1LoginPageTest.doLogin_1ValidId2ValidPwd_OpenedHomepage(SwagLabs1LoginPageTest.java:57)
at java.base/java.util.ArrayList.forEach(ArrayList.java:1511)
... Removed 33 stack frames]]>
    </failure>
  </testcase> <!-- doLogin_1ValidId2ValidPwd_OpenedHomepage -->
  <testcase classname="test.SwagLabs1LoginPageTest" name="doLogin_1ValidId2ValidPwd_OpenedHomepage" time="0.587"/>
  <testcase classname="test.SwagLabs1LoginPageTest" name="doLogin_1ValidId2ValidPwd_OpenedHomepage" time="5.714"/>
  <testcase classname="test.SwagLabs1LoginPageTest" name="doLogin_1ValidId2InvalidPwd_FailedLoginAndVerifyErrorMSG" time="2.057"/>
  <testcase classname="test.SwagLabs1LoginPageTest" name="doLogin_1InvalidId2validPwd_FailedLoginAndVerifyErrorMSG" time="1.236"/>
  <testcase classname="test.SwagLabs1LoginPageTest" name="doLogin_1InvalidId2InvalidPwd_FailedLoginAndVerifyErrorMSG" time="1.007"/>
  <testcase classname="test.SwagLabs1LoginPageTest" name="doLogin_1EmptyId2GivenPwd_FailedLoginAndVerifyWarningMSG" time="1.027"/>
  <testcase classname="test.SwagLabs1LoginPageTest" name="doLogin_1EmptyPwd2GivenId_FailedLoginAndVerifyWarningMSG" time="0.734"/>
  <testcase classname="test.SwagLabs1LoginPageTest" name="doLogin_1EmptyId2EmptyPwd_FailedLoginAndVerifyWarningMSG" time="0.371"/>
  <testcase classname="test.SwagLabs1LoginPageTest" name="doLogin_Clickable_CompletedLogin" time="0.794"/>
  <testcase classname="test.SwagLabs1LoginPageTest" name="doLogin_SwagLabsLogo_DisplayedLogoAndVerifyText" time="0.099"/>
  <testcase classname="test.SwagLabs1LoginPageTest" name="doLogin_ErrorBoxCancelButton_ClosedErrorOrWarningMSG" time="11.119"/>
  <testcase classname="test.SwagLabs1LoginPageTest" name="doLogin_PlaceHolderText_Displayed" time="0.095"/>
  <testcase classname="test.SwagLabs2InventoryPageTest" name="verifyHomepage_LogoPresendAndSpelling_Checked" time="0.233"/>
  <testcase classname="test.SwagLabs2InventoryPageTest" name="clickSort_Clickable_OpenedDropdown" time="0.298"/>
  <testcase classname="test.SwagLabs2InventoryPageTest" name="clickSort_OptionsList_CheckedAllOptions" time="0.283"/>
  <testcase classname="test.SwagLabs2InventoryPageTest" name="clickSort_PriceHighToLow_GotInOrder" time="0.405"/>
  <testcase classname="test.SwagLabs2InventoryPageTest" name="clickSort_PriceLowToHigh_GotInOrder" time="0.412"/>
  <testcase classname="test.SwagLabs2InventoryPageTest" name="clickSort_ProductDescending_GotInOrder" time="0.426"/>
  <testcase classname="test.SwagLabs2InventoryPageTest" name="clickSort_ProductAscending_GotInOrder" time="0.348"/>
  <testcase classname="test.SwagLabs2InventoryPageTest" name="clickSort_ProductCountAfter_RemainedSame" time="0.349"/>
  <testcase classname="test.SwagLabs2InventoryPageTest" name="clickSort_ProductsBefore_PredefinedNumber" time="0.126"/>
  <testcase classname="test.SwagLabs2InventoryPageTest" name="clickSort_ProductOrder_UnarrangedLikeBefore" time="5.217">
    <failure type="org.openqa.selenium.ElementNotInteractableException" message="element not interactable
  (Session info: chrome=112.0.5615.50)
Build info: version: &amp;apos;4.8.1&amp;apos;, revision: &amp;apos;8ebccac989&amp;apos;
System info: os.name: &amp;apos;Windows 10&amp;apos;, os.arch: &amp;apos;amd64&amp;apos;, os.version: &amp;apos;10.0&amp;apos;, java.version: &amp;apos;17.0.7&amp;apos;
Driver info: org.openqa.selenium.chrome.ChromeDriver
Command: [1a0fde12f712f37513a9ccf5d6a8173a, clickElement {id=868a58dc-0dd7-488f-9065-e2f3c55acd64}]
Capabilities {acceptInsecureCerts: false, browserName: chrome, browserVersion: 112.0.5615.50, chrome: {chromedriverVersion: 112.0.5615.49 (bd2a7bcb881c..., userDataDir: C:\Users\Admin\AppData\Loca...}, goog:chromeOptions: {debuggerAddress: localhost:58577}, networkConnectionEnabled: false, pageLoadStrategy: normal, platformName: WINDOWS, proxy: Proxy(), se:cdp: ws://localhost:58577/devtoo..., se:cdpVersion: 112.0.5615.50, setWindowRect: true, strictFileInteractability: false, timeouts: {implicit: 0, pageLoad: 300000, script: 30000}, unhandledPromptBehavior: dismiss and notify, webauthn:extension:credBlob: true, webauthn:extension:largeBlob: true, webauthn:extension:minPinLength: true, webauthn:extension:prf: true, webauthn:virtualAuthenticators: true}
Element: [[ChromeDriver: chrome on WINDOWS (1a0fde12f712f37513a9ccf5d6a8173a)] -&amp;gt; xpath: //a[text()=&amp;apos;All Items&amp;apos;]]
Session ID: 1a0fde12f712f37513a9ccf5d6a8173a">
      <![CDATA[org.openqa.selenium.ElementNotInteractableException: element not interactable
  (Session info: chrome=112.0.5615.50)
Build info: version: '4.8.1', revision: '8ebccac989'
System info: os.name: 'Windows 10', os.arch: 'amd64', os.version: '10.0', java.version: '17.0.7'
Driver info: org.openqa.selenium.chrome.ChromeDriver
Command: [1a0fde12f712f37513a9ccf5d6a8173a, clickElement {id=868a58dc-0dd7-488f-9065-e2f3c55acd64}]
Capabilities {acceptInsecureCerts: false, browserName: chrome, browserVersion: 112.0.5615.50, chrome: {chromedriverVersion: 112.0.5615.49 (bd2a7bcb881c..., userDataDir: C:\Users\Admin\AppData\Loca...}, goog:chromeOptions: {debuggerAddress: localhost:58577}, networkConnectionEnabled: false, pageLoadStrategy: normal, platformName: WINDOWS, proxy: Proxy(), se:cdp: ws://localhost:58577/devtoo..., se:cdpVersion: 112.0.5615.50, setWindowRect: true, strictFileInteractability: false, timeouts: {implicit: 0, pageLoad: 300000, script: 30000}, unhandledPromptBehavior: dismiss and notify, webauthn:extension:credBlob: true, webauthn:extension:largeBlob: true, webauthn:extension:minPinLength: true, webauthn:extension:prf: true, webauthn:virtualAuthenticators: true}
Element: [[ChromeDriver: chrome on WINDOWS (1a0fde12f712f37513a9ccf5d6a8173a)] -> xpath: //a[text()='All Items']]
Session ID: 1a0fde12f712f37513a9ccf5d6a8173a
at org.openqa.selenium.remote.codec.w3c.W3CHttpResponseCodec.createException(W3CHttpResponseCodec.java:200)
at org.openqa.selenium.remote.codec.w3c.W3CHttpResponseCodec.decode(W3CHttpResponseCodec.java:133)
at org.openqa.selenium.remote.codec.w3c.W3CHttpResponseCodec.decode(W3CHttpResponseCodec.java:53)
at org.openqa.selenium.remote.HttpCommandExecutor.execute(HttpCommandExecutor.java:184)
at org.openqa.selenium.remote.service.DriverCommandExecutor.invokeExecute(DriverCommandExecutor.java:167)
at org.openqa.selenium.remote.service.DriverCommandExecutor.execute(DriverCommandExecutor.java:142)
at org.openqa.selenium.remote.RemoteWebDriver.execute(RemoteWebDriver.java:543)
at org.openqa.selenium.remote.RemoteWebElement.execute(RemoteWebElement.java:257)
at org.openqa.selenium.remote.RemoteWebElement.click(RemoteWebElement.java:78)
at org.openqa.selenium.support.pagefactory.internal.LocatingElementHandler.invoke(LocatingElementHandler.java:52)
at jdk.proxy2/jdk.proxy2.$Proxy20.click(Unknown Source)
at pom.SwagLabsHomepage.clickOnAllItemsButton(SwagLabsHomepage.java:78)
at test.SwagLabs2InventoryPageTest.clickSort_ProductOrder_UnarrangedLikeBefore(SwagLabs2InventoryPageTest.java:209)
at java.base/java.util.ArrayList.forEach(ArrayList.java:1511)
... Removed 35 stack frames]]>
    </failure>
  </testcase> <!-- clickSort_ProductOrder_UnarrangedLikeBefore -->
  <testcase classname="test.SwagLabs2InventoryPageTest" name="clickSortBefore_DoOtherActions_SavedSortingType" time="0.518"/>
  <testcase classname="test.SwagLabs2InventoryPageTest" name="clickSortAfter_PreviousSortedResults_GotSortedAgain" time="0.568"/>
  <testcase classname="test.SwagLabs2InventoryPageTest" name="clickOpenMenu_Clickable_OpenedAllOptions" time="0.255">
    <failure type="java.lang.AssertionError" message="expected [] but found [All Items]">
      <![CDATA[java.lang.AssertionError: expected [] but found [All Items]
at test.SwagLabs2InventoryPageTest.clickOpenMenu_Clickable_OpenedAllOptions(SwagLabs2InventoryPageTest.java:271)
at java.base/java.util.ArrayList.forEach(ArrayList.java:1511)
... Removed 33 stack frames]]>
    </failure>
  </testcase> <!-- clickOpenMenu_Clickable_OpenedAllOptions -->
  <testcase classname="test.SwagLabs2InventoryPageTest" name="clickOpenMenu_$About$Option_OpenedLinkedPage" time="5.021"/>
  <testcase classname="test.SwagLabs2InventoryPageTest" name="clickOpenMenu_$AllItems$Option_ShowedAllHomepageProducts" time="0.869"/>
  <testcase classname="test.SwagLabs2InventoryPageTest" name="clickOpenMenu_$Logout$Option_LoggedoutUser" time="0.473"/>
  <testcase classname="test.SwagLabs2InventoryPageTest" name="clickOpenMenu_$ResetAppState$Option_DefaultAppState" time="5.609"/>
  <testcase classname="test.SwagLabs2InventoryPageTest" name="clickOpenMenu_CloseMenuButton_ClosedAllOptions" time="0.472"/>
  <testcase classname="test.SwagLabs2InventoryPageTest" name="clickTwitterTab_SocialSite_OpenedTwitterPage" time="5.239"/>
  <testcase classname="test.SwagLabs2InventoryPageTest" name="clickFacebookTab_SocialSite_OpenedFacebookPage" time="1.273"/>
  <testcase classname="test.SwagLabs2InventoryPageTest" name="clickLinkedTab_SocialSite_OpenedLinkedPage" time="2.875"/>
  <testcase classname="test.SwagLabs2InventoryPageTest" name="verifyCartTab_TotalProductNumber_ShowedInNotification" time="2.238"/>
  <testcase classname="test.SwagLabs2InventoryPageTest" name="verifyHomepageFooter_Text_Checked" time="0.142"/>
  <testcase classname="test.SwagLabs2InventoryPageTest" name="verifyHomepageNavigation_BackForewardRefresh_ReloadedWebpageSuccessfully" time="0.38"/>
  <testcase classname="test.SwagLabs3ProductPageTest" name="clickProduct_ProductImg_OpenedProductpage" time="0.592"/>
  <testcase classname="test.SwagLabs3ProductPageTest" name="clickProduct_ProductBanner_OpenedProductpage" time="0.424"/>
  <testcase classname="test.SwagLabs3ProductPageTest" name="clickProduct_ProductBanner$Description$Price_Checked" time="0.394"/>
  <testcase classname="test.SwagLabs3ProductPageTest" name="clickProduct_AddProductButton_AddedToCart" time="0.525"/>
  <testcase classname="test.SwagLabs3ProductPageTest" name="clickProduct_RemoveProductButton_RemovedFromCart" time="6.623"/>
  <testcase classname="test.SwagLabs3ProductPageTest" name="clickProduct_ProductAddOrRemoveButton_Clickable" time="0.484"/>
  <testcase classname="test.SwagLabs3ProductPageTest" name="clickProduct_BackToProductsButton_GoneToHomepage" time="0.509"/>
  <testcase classname="test.SwagLabs3ProductPageTest" name="clickCart_Clickable_OpenedCart" time="0.353"/>
  <testcase classname="test.SwagLabs4CartPageTest" name="clickCart_AddedProducts_ShowedDetails" time="0.463"/>
  <testcase classname="test.SwagLabs4CartPageTest" name="clickCart_AddedProducts_Removed" time="5.228"/>
  <testcase classname="test.SwagLabs4CartPageTest" name="clickCart_ContinueShoppingButton_RedirectedToHomepage" time="0.252"/>
  <testcase classname="test.SwagLabs4CartPageTest" name="clickCart_CheckoutButton_OpenedCheckoutpage" time="0.225"/>
  <testcase classname="test.SwagLabs5CheckoutPageTest" name="clickCheckout_FirstnamePlaceholderText_Displayed" time="0.471"/>
  <testcase classname="test.SwagLabs5CheckoutPageTest" name="clickCheckout_LastnamePlaceholderText_Displayed" time="0.152"/>
  <testcase classname="test.SwagLabs5CheckoutPageTest" name="clickCheckout_PincodePlaceholderText_Displayed" time="0.144"/>
  <testcase classname="test.SwagLabs5CheckoutPageTest" name="clickCheckout_InvalidFirstname_DisplayedErrorMSG" time="0.555">
    <failure type="java.lang.AssertionError" message="expected [https://www.saucedemo.com/checkout-step-two.html] but found [https://www.saucedemo.com/checkout-step-one.html]">
      <![CDATA[java.lang.AssertionError: expected [https://www.saucedemo.com/checkout-step-two.html] but found [https://www.saucedemo.com/checkout-step-one.html]
at test.SwagLabs5CheckoutPageTest.clickCheckout_InvalidFirstname_DisplayedErrorMSG(SwagLabs5CheckoutPageTest.java:98)
at java.base/java.util.ArrayList.forEach(ArrayList.java:1511)
... Removed 33 stack frames]]>
    </failure>
  </testcase> <!-- clickCheckout_InvalidFirstname_DisplayedErrorMSG -->
  <testcase classname="test.SwagLabs5CheckoutPageTest" name="clickCheckout_InvalidLastname_DisplayedErrorMSG" time="0.588">
    <failure type="java.lang.AssertionError" message="expected [https://www.saucedemo.com/checkout-step-two.html] but found [https://www.saucedemo.com/checkout-step-one.html]">
      <![CDATA[java.lang.AssertionError: expected [https://www.saucedemo.com/checkout-step-two.html] but found [https://www.saucedemo.com/checkout-step-one.html]
at test.SwagLabs5CheckoutPageTest.clickCheckout_InvalidLastname_DisplayedErrorMSG(SwagLabs5CheckoutPageTest.java:118)
at java.base/java.util.ArrayList.forEach(ArrayList.java:1511)
... Removed 33 stack frames]]>
    </failure>
  </testcase> <!-- clickCheckout_InvalidLastname_DisplayedErrorMSG -->
  <testcase classname="test.SwagLabs5CheckoutPageTest" name="clickCheckout_InvalidZipcode_DisplayedErrorMSG" time="0.645">
    <failure type="java.lang.AssertionError" message="expected [https://www.saucedemo.com/checkout-step-two.html] but found [https://www.saucedemo.com/checkout-step-one.html]">
      <![CDATA[java.lang.AssertionError: expected [https://www.saucedemo.com/checkout-step-two.html] but found [https://www.saucedemo.com/checkout-step-one.html]
at test.SwagLabs5CheckoutPageTest.clickCheckout_InvalidZipcode_DisplayedErrorMSG(SwagLabs5CheckoutPageTest.java:140)
at java.base/java.util.ArrayList.forEach(ArrayList.java:1511)
... Removed 33 stack frames]]>
    </failure>
  </testcase> <!-- clickCheckout_InvalidZipcode_DisplayedErrorMSG -->
  <testcase classname="test.SwagLabs5CheckoutPageTest" name="clickCheckout_1EmptyFirstN2EmptyLastN3EmptyZipcode_DisplayedWarningMSG" time="0.237"/>
  <testcase classname="test.SwagLabs5CheckoutPageTest" name="clickCheckout_1FillFirstN2EmptyLastN3EmptyZipcode_DisplayedWarningMSG" time="0.404"/>
  <testcase classname="test.SwagLabs5CheckoutPageTest" name="clickCheckout_1FillFirstN2FillLastN3EmptyZipcode_DisplayedWarningMSG" time="0.575"/>
  <testcase classname="test.SwagLabs5CheckoutPageTest" name="clickCheckout_ValData1FillFirstN2FillLastN3FillZipcode_OpenedCheckoutPage2" time="0.637"/>
  <testcase classname="test.SwagLabs5CheckoutPageTest" name="clickCheckout_1EmptyFirstN2FillLastN3EmptyZipcode_DisplayedWarningMSG" time="0.414"/>
  <testcase classname="test.SwagLabs5CheckoutPageTest" name="clickCheckout_1EmptyFirstN2FillLastN3FillZipcode_DisplayedWarningMSG" time="0.583"/>
  <testcase classname="test.SwagLabs5CheckoutPageTest" name="clickCheckout_1EmptyFirstN2EmptyLastN3FillZipcode_DisplayedWarningMSG" time="0.424"/>
  <testcase classname="test.SwagLabs5CheckoutPageTest" name="clickCheckout_1FillFirstN2EmptyLastN3FillZipcode_DisplayedWarningMSG" time="0.601"/>
  <testcase classname="test.SwagLabs5CheckoutPageTest" name="clickCheckout_CancelButton_RedirectedToCartpage" time="0.194"/>
  <testcase classname="test.SwagLabs6CheckoutOverviewPageTest" name="openCheckoutOverview_PurchaseInformation_Checked" time="0.478"/>
  <testcase classname="test.SwagLabs6CheckoutOverviewPageTest" name="openCheckoutOverview_FinishButton_RedirectedToCheckoutComplete" time="0.223"/>
  <testcase classname="test.SwagLabs6CheckoutOverviewPageTest" name="openCheckoutOverview_CancelButton_RedirectedToProductpage" time="0.228"/>
  <testcase classname="test.SwagLabs7CheckoutCompletepageTest" name="openCheckoutComplete_GreetInformation_Displyed" time="0.473"/>
  <testcase classname="test.SwagLabs7CheckoutCompletepageTest" name="openCheckoutComplete_BackToHomeButton_RedirectedToProductpage" time="0.243"/>
</testsuite> <!-- Test -->
