<?xml version="1.0" encoding="UTF-8"?>
<!-- Generated by org.testng.reporters.JUnitXMLReporter -->
<testsuite ignored="0" hostname="DESKTOP-47P2MTB" failures="0" tests="2" name="Test" time="14.822" errors="0" timestamp="2023-03-23T20:09:25 IST">
  <testcase classname="test.SwagLabs7CheckoutCompletepage" name="openCheckoutComplete_GreetInformation_Displyed" time="0.168"/>
  <testcase classname="test.SwagLabs7CheckoutCompletepage" name="openCheckoutComplete_BackToHomeButton_RedirectedToProductpage" time="0.24"/>
</testsuite> <!-- Test -->
