<?xml version="1.0" encoding="UTF-8"?>
<!-- Generated by org.testng.reporters.JUnitXMLReporter -->
<testsuite ignored="0" hostname="DESKTOP-47P2MTB" failures="0" tests="4" name="Login Functionality Test - Edge" time="0.067" errors="0" timestamp="2023-02-27T17:49:17 IST">
  <testcase classname="test.SwagLabsLoginTests" name="@BeforeMethod launchBrowser" time="0.0">
    <failure type="java.lang.NullPointerException" message="Cannot invoke &amp;quot;org.openqa.selenium.WebDriver.manage()&amp;quot; because &amp;quot;pojo.Browser.driver&amp;quot; is null">
      <![CDATA[java.lang.NullPointerException: Cannot invoke "org.openqa.selenium.WebDriver.manage()" because "pojo.Browser.driver" is null
at pojo.Browser.openBrowser(Browser.java:29)
at test.SwagLabsLoginTests.launchBrowser(SwagLabsLoginTests.java:35)
at java.base/java.util.ArrayList.forEach(ArrayList.java:1511)
... Removed 29 stack frames]]>
    </failure>
  </testcase> <!-- @BeforeMethod launchBrowser -->
  <testcase classname="test.SwagLabsLoginTests" name="@BeforeMethod launchBrowser" time="-1.677500357351E9">
    <skipped/>
  </testcase> <!-- @BeforeMethod launchBrowser -->
  <testcase classname="test.SwagLabsLoginTests" name="@BeforeMethod launchBrowser" time="-1.677500357364E9">
    <skipped/>
  </testcase> <!-- @BeforeMethod launchBrowser -->
  <testcase classname="test.SwagLabsLoginTests" name="@BeforeMethod launchBrowser" time="-1.677500357371E9">
    <skipped/>
  </testcase> <!-- @BeforeMethod launchBrowser -->
  <testcase classname="test.SwagLabsLoginTests" name="doLogin_1ValidId2ValidPwd_OpenedHomepage" time="0.0">
    <skipped/>
  </testcase> <!-- doLogin_1ValidId2ValidPwd_OpenedHomepage -->
  <testcase classname="test.SwagLabsLoginTests" name="doLogin_1ValidId2ValidPwd_OpenedHomepage" time="0.0">
    <skipped/>
  </testcase> <!-- doLogin_1ValidId2ValidPwd_OpenedHomepage -->
  <testcase classname="test.SwagLabsLoginTests" name="doLogin_1ValidId2ValidPwd_OpenedHomepage" time="0.0">
    <skipped/>
  </testcase> <!-- doLogin_1ValidId2ValidPwd_OpenedHomepage -->
  <testcase classname="test.SwagLabsLoginTests" name="doLogin_1ValidId2ValidPwd_OpenedHomepage" time="0.0">
    <skipped/>
  </testcase> <!-- doLogin_1ValidId2ValidPwd_OpenedHomepage -->
</testsuite> <!-- Login Functionality Test - Edge -->
