<?xml version="1.0" encoding="UTF-8"?>
<testng-results ignored="0" total="2" passed="2" failed="0" skipped="0">
  <reporter-output>
  </reporter-output>
  <suite started-at="2023-03-23T20:09:10 IST" name="Suite" finished-at="2023-03-23T20:09:25 IST" duration-ms="14822">
    <groups>
    </groups>
    <test started-at="2023-03-23T20:09:10 IST" name="Test" finished-at="2023-03-23T20:09:25 IST" duration-ms="14822">
      <class name="test.SwagLabs7CheckoutCompletepage">
        <test-method is-config="true" signature="configureReport()[pri:0, instance:test.SwagLabs7CheckoutCompletepage@245b4bdc]" started-at="2023-03-23T20:09:10 IST" name="configureReport" finished-at="2023-03-23T20:09:10 IST" duration-ms="505" status="PASS">
          <reporter-output>
          </reporter-output>
        </test-method> <!-- configureReport -->
        <test-method is-config="true" signature="launchBrowser(java.lang.String)[pri:0, instance:test.SwagLabs7CheckoutCompletepage@245b4bdc]" started-at="2023-03-23T20:09:10 IST" name="launchBrowser" finished-at="2023-03-23T20:09:18 IST" duration-ms="7745" status="PASS">
          <params>
            <param index="0">
              <value>
                <![CDATA[chrome]]>
              </value>
            </param>
          </params>
          <reporter-output>
          </reporter-output>
        </test-method> <!-- launchBrowser -->
        <test-method signature="openCheckoutComplete_GreetInformation_Displyed()[pri:1, instance:test.SwagLabs7CheckoutCompletepage@245b4bdc]" started-at="2023-03-23T20:09:18 IST" name="openCheckoutComplete_GreetInformation_Displyed" finished-at="2023-03-23T20:09:18 IST" duration-ms="168" status="PASS">
          <reporter-output>
          </reporter-output>
        </test-method> <!-- openCheckoutComplete_GreetInformation_Displyed -->
        <test-method is-config="true" signature="publishResult(org.testng.ITestResult)[pri:0, instance:test.SwagLabs7CheckoutCompletepage@245b4bdc]" started-at="2023-03-23T20:09:18 IST" name="publishResult" finished-at="2023-03-23T20:09:19 IST" duration-ms="251" status="PASS">
          <params>
            <param index="0">
              <value>
                <![CDATA[[TestResult name=openCheckoutComplete_GreetInformation_Displyed status=SUCCESS method=SwagLabs7CheckoutCompletepage.openCheckoutComplete_GreetInformation_Displyed()[pri:1, instance:test.SwagLabs7CheckoutCompletepage@245b4bdc] output={null}]]]>
              </value>
            </param>
          </params>
          <reporter-output>
          </reporter-output>
        </test-method> <!-- publishResult -->
        <test-method is-config="true" signature="launchBrowser(java.lang.String)[pri:0, instance:test.SwagLabs7CheckoutCompletepage@245b4bdc]" started-at="2023-03-23T20:09:19 IST" name="launchBrowser" finished-at="2023-03-23T20:09:24 IST" duration-ms="5024" status="PASS">
          <params>
            <param index="0">
              <value>
                <![CDATA[chrome]]>
              </value>
            </param>
          </params>
          <reporter-output>
          </reporter-output>
        </test-method> <!-- launchBrowser -->
        <test-method signature="openCheckoutComplete_BackToHomeButton_RedirectedToProductpage()[pri:2, instance:test.SwagLabs7CheckoutCompletepage@245b4bdc]" started-at="2023-03-23T20:09:24 IST" name="openCheckoutComplete_BackToHomeButton_RedirectedToProductpage" finished-at="2023-03-23T20:09:24 IST" duration-ms="240" status="PASS">
          <reporter-output>
          </reporter-output>
        </test-method> <!-- openCheckoutComplete_BackToHomeButton_RedirectedToProductpage -->
        <test-method is-config="true" signature="publishResult(org.testng.ITestResult)[pri:0, instance:test.SwagLabs7CheckoutCompletepage@245b4bdc]" started-at="2023-03-23T20:09:24 IST" name="publishResult" finished-at="2023-03-23T20:09:24 IST" duration-ms="216" status="PASS">
          <params>
            <param index="0">
              <value>
                <![CDATA[[TestResult name=openCheckoutComplete_BackToHomeButton_RedirectedToProductpage status=SUCCESS method=SwagLabs7CheckoutCompletepage.openCheckoutComplete_BackToHomeButton_RedirectedToProductpage()[pri:2, instance:test.SwagLabs7CheckoutCompletepage@245b4bdc] output={null}]]]>
              </value>
            </param>
          </params>
          <reporter-output>
          </reporter-output>
        </test-method> <!-- publishResult -->
        <test-method is-config="true" signature="createReport()[pri:0, instance:test.SwagLabs7CheckoutCompletepage@245b4bdc]" started-at="2023-03-23T20:09:24 IST" name="createReport" finished-at="2023-03-23T20:09:25 IST" duration-ms="620" status="PASS">
          <reporter-output>
          </reporter-output>
        </test-method> <!-- createReport -->
      </class> <!-- test.SwagLabs7CheckoutCompletepage -->
    </test> <!-- Test -->
  </suite> <!-- Suite -->
</testng-results>
