<?xml version="1.0" encoding="UTF-8"?>
<testng-results ignored="0" total="1" passed="1" failed="0" skipped="0">
  <reporter-output>
  </reporter-output>
  <suite started-at="2023-03-05T22:25:35 IST" name="Suite" finished-at="2023-03-05T22:25:43 IST" duration-ms="8263">
    <groups>
    </groups>
    <test started-at="2023-03-05T22:25:35 IST" name="Test" finished-at="2023-03-05T22:25:43 IST" duration-ms="8263">
      <class name="test.SwagLabs2HomepageTest">
        <test-method is-config="true" signature="configureReport()[pri:0, instance:test.SwagLabs2HomepageTest@52bf72b5]" started-at="2023-03-05T22:25:35 IST" name="configureReport" finished-at="2023-03-05T22:25:36 IST" duration-ms="453" status="PASS">
          <reporter-output>
          </reporter-output>
        </test-method> <!-- configureReport -->
        <test-method is-config="true" signature="openInventorypage()[pri:0, instance:test.SwagLabs2HomepageTest@52bf72b5]" started-at="2023-03-05T22:25:36 IST" name="openInventorypage" finished-at="2023-03-05T22:25:42 IST" duration-ms="6253" status="PASS">
          <reporter-output>
          </reporter-output>
        </test-method> <!-- openInventorypage -->
        <test-method signature="clickSortAfter_PreviousSortedResults_GotSortedAgain()[pri:0, instance:test.SwagLabs2HomepageTest@52bf72b5]" started-at="2023-03-05T22:25:42 IST" name="clickSortAfter_PreviousSortedResults_GotSortedAgain" finished-at="2023-03-05T22:25:42 IST" duration-ms="608" status="PASS">
          <reporter-output>
          </reporter-output>
        </test-method> <!-- clickSortAfter_PreviousSortedResults_GotSortedAgain -->
        <test-method is-config="true" signature="publishResult(org.testng.ITestResult)[pri:0, instance:test.SwagLabs2HomepageTest@52bf72b5]" started-at="2023-03-05T22:25:42 IST" name="publishResult" finished-at="2023-03-05T22:25:43 IST" duration-ms="305" status="PASS">
          <params>
            <param index="0">
              <value>
                <![CDATA[[TestResult name=clickSortAfter_PreviousSortedResults_GotSortedAgain status=SUCCESS method=SwagLabs2HomepageTest.clickSortAfter_PreviousSortedResults_GotSortedAgain()[pri:0, instance:test.SwagLabs2HomepageTest@52bf72b5] output={null}]]]>
              </value>
            </param>
          </params>
          <reporter-output>
          </reporter-output>
        </test-method> <!-- publishResult -->
        <test-method is-config="true" signature="createReport()[pri:0, instance:test.SwagLabs2HomepageTest@52bf72b5]" started-at="2023-03-05T22:25:43 IST" name="createReport" finished-at="2023-03-05T22:25:43 IST" duration-ms="592" status="PASS">
          <reporter-output>
          </reporter-output>
        </test-method> <!-- createReport -->
      </class> <!-- test.SwagLabs2HomepageTest -->
    </test> <!-- Test -->
  </suite> <!-- Suite -->
</testng-results>
